=== 基金每日更新 2026-03-30 08:20 ===
无待确认交易

=== 生成 2026-03-30 快照 ===
  001665: 无净值数据
  002963: 无净值数据
  003625: 无净值数据
  003958: 无净值数据
  004815: 无净值数据
  007040: 无净值数据
  007882: 无净值数据
  009982: 无净值数据
  011957: 无净值数据
  012349: 无净值数据
  013180: 无净值数据
  013596: 无净值数据
  015790: 无净值数据
  016441: 无净值数据
  017091: 无净值数据
  017437: 无净值数据
  017641: 无净值数据
  018125: 无净值数据
  018463: 无净值数据
  018957: 无净值数据
  019261: 无净值数据
  019924: 无净值数据
  020629: 无净值数据
  021909: 无净值数据
  022287: 无净值数据
  022431: 无净值数据
  023920: 无净值数据

当日涨跌合计: +0.00
